[[1;34mINFO[m] Scanning for projects...
[[1;34mINFO[m] 
[[1;34mINFO[m] [1m---------------< [0;36mcom.oregon-markets:prediction-markets[0;1m >----------------[m
[[1;34mINFO[m] [1mBuilding prediction-markets 0.0.1-SNAPSHOT[m
[[1;34mINFO[m] [1m--------------------------------[ jar ]---------------------------------[m
[[1;34mINFO[m] 
[[1;34mINFO[m] [1m>>> [0;32mspring-boot-maven-plugin:3.4.0:run[m [1m(default-cli)[0;1m > [0;1mtest-compile[m @ [36mprediction-markets[0;1m >>>[m
[[1;34mINFO[m] 
[[1;34mINFO[m] [1m--- [0;32mmaven-resources-plugin:3.3.1:resources[m [1m(default-resources)[m @ [36mprediction-markets[0;1m ---[m
[[1;34mINFO[m] Copying 1 resource from src/main/resources to target/classes
[[1;34mINFO[m] Copying 8 resources from src/main/resources to target/classes
[[1;34mINFO[m] 
[[1;34mINFO[m] [1m--- [0;32mmaven-compiler-plugin:3.13.0:compile[m [1m(default-compile)[m @ [36mprediction-markets[0;1m ---[m
[[1;34mINFO[m] Nothing to compile - all classes are up to date.
[[1;34mINFO[m] 
[[1;34mINFO[m] [1m--- [0;32mmaven-resources-plugin:3.3.1:testResources[m [1m(default-testResources)[m @ [36mprediction-markets[0;1m ---[m
[[1;34mINFO[m] Copying 1 resource from src/test/resources to target/test-classes
[[1;34mINFO[m] 
[[1;34mINFO[m] [1m--- [0;32mmaven-compiler-plugin:3.13.0:testCompile[m [1m(default-testCompile)[m @ [36mprediction-markets[0;1m ---[m
[[1;34mINFO[m] Nothing to compile - all classes are up to date.
[[1;34mINFO[m] 
[[1;34mINFO[m] [1m<<< [0;32mspring-boot-maven-plugin:3.4.0:run[m [1m(default-cli)[0;1m < [0;1mtest-compile[m @ [36mprediction-markets[0;1m <<<[m
[[1;34mINFO[m] 
[[1;34mINFO[m] 
[[1;34mINFO[m] [1m--- [0;32mspring-boot-maven-plugin:3.4.0:run[m [1m(default-cli)[m @ [36mprediction-markets[0;1m ---[m
[[1;34mINFO[m] Attaching agents: []
Standard Commons Logging discovery in action with spring-jcl: please remove commons-logging.jar from classpath in order to avoid potential conflicts
Standard Commons Logging discovery in action with spring-jcl: please remove commons-logging.jar from classpath in order to avoid potential conflicts

  .   ____          _            __ _ _
 /\\ / ___'_ __ _ _(_)_ __  __ _ \ \ \ \
( ( )\___ | '_ | '_| | '_ \/ _` | \ \ \ \
 \\/  ___)| |_)| | | | | || (_| |  ) ) ) )
  '  |____| .__|_| |_|_| |_\__, | / / / /
 =========|_|==============|___/=/_/_/_/

 :: Spring Boot ::                (v3.4.0)

2025-11-21T18:37:25.084+03:00  INFO 650762 --- [prediction-markets] [  restartedMain] c.o.PredictionMarketsApplication         : Starting PredictionMarketsApplication using Java 21.0.8 with PID 650762 (/home/user/Desktop/eraser-export-export-10-14-2025-2_00_01-PM/prediction-markets/target/classes started by user in /home/user/Desktop/eraser-export-export-10-14-2025-2_00_01-PM/prediction-markets)
2025-11-21T18:37:25.091+03:00 DEBUG 650762 --- [prediction-markets] [  restartedMain] c.o.PredictionMarketsApplication         : Running with Spring Boot v3.4.0, Spring v6.2.0
2025-11-21T18:37:25.093+03:00  INFO 650762 --- [prediction-markets] [  restartedMain] c.o.PredictionMarketsApplication         : No active profile set, falling back to 1 default profile: "default"
2025-11-21T18:37:25.259+03:00  INFO 650762 --- [prediction-markets] [  restartedMain] .e.DevToolsPropertyDefaultsPostProcessor : Devtools property defaults active! Set 'spring.devtools.add-properties' to 'false' to disable
2025-11-21T18:37:25.260+03:00  INFO 650762 --- [prediction-markets] [  restartedMain] .e.DevToolsPropertyDefaultsPostProcessor : For additional web related logging consider setting the 'logging.level.web' property to 'DEBUG'
2025-11-21T18:37:30.043+03:00  INFO 650762 --- [prediction-markets] [  restartedMain] .s.d.r.c.RepositoryConfigurationDelegate : Multiple Spring Data modules found, entering strict repository configuration mode
2025-11-21T18:37:30.048+03:00  INFO 650762 --- [prediction-markets] [  restartedMain] .s.d.r.c.RepositoryConfigurationDelegate : Bootstrapping Spring Data R2DBC repositories in DEFAULT mode.
2025-11-21T18:37:30.463+03:00  INFO 650762 --- [prediction-markets] [  restartedMain] .s.d.r.c.RepositoryConfigurationDelegate : Finished Spring Data repository scanning in 398 ms. Found 4 R2DBC repository interfaces.
2025-11-21T18:37:30.502+03:00  INFO 650762 --- [prediction-markets] [  restartedMain] .s.d.r.c.RepositoryConfigurationDelegate : Multiple Spring Data modules found, entering strict repository configuration mode
2025-11-21T18:37:30.505+03:00  INFO 650762 --- [prediction-markets] [  restartedMain] .s.d.r.c.RepositoryConfigurationDelegate : Bootstrapping Spring Data Redis repositories in DEFAULT mode.
2025-11-21T18:37:30.544+03:00  INFO 650762 --- [prediction-markets] [  restartedMain] .RepositoryConfigurationExtensionSupport : Spring Data Redis - Could not safely identify store assignment for repository candidate interface com.oregonMarkets.domain.blockchain.repository.BlockchainChainRepository; If you want this repository to be a Redis repository, consider annotating your entities with one of these annotations: org.springframework.data.redis.core.RedisHash (preferred), or consider extending one of the following types with your repository: org.springframework.data.keyvalue.repository.KeyValueRepository
2025-11-21T18:37:30.545+03:00  INFO 650762 --- [prediction-markets] [  restartedMain] .RepositoryConfigurationExtensionSupport : Spring Data Redis - Could not safely identify store assignment for repository candidate interface com.oregonMarkets.domain.enclave.repository.EnclaveChainAddressRepository; If you want this repository to be a Redis repository, consider annotating your entities with one of these annotations: org.springframework.data.redis.core.RedisHash (preferred), or consider extending one of the following types with your repository: org.springframework.data.keyvalue.repository.KeyValueRepository
2025-11-21T18:37:30.545+03:00  INFO 650762 --- [prediction-markets] [  restartedMain] .RepositoryConfigurationExtensionSupport : Spring Data Redis - Could not safely identify store assignment for repository candidate interface com.oregonMarkets.domain.payment.repository.DepositRepository; If you want this repository to be a Redis repository, consider annotating your entities with one of these annotations: org.springframework.data.redis.core.RedisHash (preferred), or consider extending one of the following types with your repository: org.springframework.data.keyvalue.repository.KeyValueRepository
2025-11-21T18:37:30.546+03:00  INFO 650762 --- [prediction-markets] [  restartedMain] .RepositoryConfigurationExtensionSupport : Spring Data Redis - Could not safely identify store assignment for repository candidate interface com.oregonMarkets.domain.user.repository.UserRepository; If you want this repository to be a Redis repository, consider annotating your entities with one of these annotations: org.springframework.data.redis.core.RedisHash (preferred), or consider extending one of the following types with your repository: org.springframework.data.keyvalue.repository.KeyValueRepository
2025-11-21T18:37:30.546+03:00  INFO 650762 --- [prediction-markets] [  restartedMain] .s.d.r.c.RepositoryConfigurationDelegate : Finished Spring Data repository scanning in 18 ms. Found 0 Redis repository interfaces.
2025-11-21T18:37:32.482+03:00  INFO 650762 --- [prediction-markets] [  restartedMain] o.s.b.d.a.OptionalLiveReloadServer       : LiveReload server is running on port 35729
2025-11-21T18:37:35.027+03:00  WARN 650762 --- [prediction-markets] [  restartedMain] onfigReactiveWebServerApplicationContext : Exception encountered during context initialization - cancelling refresh attempt: org.springframework.beans.factory.UnsatisfiedDependencyException: Error creating bean with name 'magicTokenFilter' defined in file [/home/user/Desktop/eraser-export-export-10-14-2025-2_00_01-PM/prediction-markets/target/classes/com/oregonMarkets/security/MagicTokenFilter.class]: Unsatisfied dependency expressed through constructor parameter 0: No qualifying bean of type 'com.oregonMarkets.integration.magic.MagicGraalVMValidator' available: expected at least 1 bean which qualifies as autowire candidate. Dependency annotations: {}
2025-11-21T18:37:35.195+03:00  INFO 650762 --- [prediction-markets] [  restartedMain] .s.b.a.l.ConditionEvaluationReportLogger : 

Error starting ApplicationContext. To display the condition evaluation report re-run your application with 'debug' enabled.
2025-11-21T18:37:35.256+03:00 ERROR 650762 --- [prediction-markets] [  restartedMain] o.s.b.d.LoggingFailureAnalysisReporter   : 

***************************
APPLICATION FAILED TO START
***************************

Description:

Parameter 0 of constructor in com.oregonMarkets.security.MagicTokenFilter required a bean of type 'com.oregonMarkets.integration.magic.MagicGraalVMValidator' that could not be found.


Action:

Consider defining a bean of type 'com.oregonMarkets.integration.magic.MagicGraalVMValidator' in your configuration.

[[1;34mINFO[m] [1m------------------------------------------------------------------------[m
[[1;34mINFO[m] [1;31mBUILD FAILURE[m
[[1;34mINFO[m] [1m------------------------------------------------------------------------[m
[[1;34mINFO[m] Total time:  27.422 s
[[1;34mINFO[m] Finished at: 2025-11-21T18:37:36+03:00
[[1;34mINFO[m] [1m------------------------------------------------------------------------[m
[[1;31mERROR[m] Failed to execute goal [32morg.springframework.boot:spring-boot-maven-plugin:3.4.0:run[m [1m(default-cli)[m on project [36mprediction-markets[m: [1;31mProcess terminated with exit code: 1[m -> [1m[Help 1][m
[[1;31mERROR[m] 
[[1;31mERROR[m] To see the full stack trace of the errors, re-run Maven with the [1m-e[m switch.
[[1;31mERROR[m] Re-run Maven using the [1m-X[m switch to enable full debug logging.
[[1;31mERROR[m] 
[[1;31mERROR[m] For more information about the errors and possible solutions, please read the following articles:
[[1;31mERROR[m] [1m[Help 1][m http://cwiki.apache.org/confluence/display/MAVEN/MojoExecutionException
